<?xml version="1.0" encoding="UTF-8"?>
<testsuite name="au.com.anz.controller.BankControllerSpec" tests="1" skipped="0" failures="1" errors="0" timestamp="2019-08-12T06:31:10" hostname="C02PT0SAG8WM" time="27.743">
  <properties/>
  <testcase name="getBankAccount should return list of bank account fir a  YAWE" classname="au.com.anz.controller.BankControllerSpec" time="27.743">
    <failure message="Too few invocations for:&#10;&#10;1 * bankService.getBankAccounts() &gt;&gt; mockacccounts   (0 invocations)&#10;&#10;Unmatched invocations (ordered by similarity):&#10;&#10;1 * bankService.getBankAccounts('123')&#10;4 * bankService.toString()&#10;&#10;" type="org.spockframework.mock.TooFewInvocationsError">Too few invocations for:

1 * bankService.getBankAccounts() &gt;&gt; mockacccounts   (0 invocations)

Unmatched invocations (ordered by similarity):

1 * bankService.getBankAccounts('123')
4 * bankService.toString()


	at org.spockframework.mock.runtime.InteractionScope.verifyInteractions(InteractionScope.java:78)
	at org.spockframework.mock.runtime.MockController.leaveScope(MockController.java:76)
	at au.com.anz.controller.BankControllerSpec.getBankAccount should return list of bank account fir a  YAWE(BankControllerSpec.groovy:24)
</failure>
  </testcase>
  <system-out><![CDATA[]]></system-out>
  <system-err><![CDATA[]]></system-err>
</testsuite>
